<?xml version="1.0" encoding="UTF-8"?>
<!-- Generated by org.testng.reporters.JUnitReportReporter -->
<testsuite hostname="samsung-PC" name="colle1_arrayList.TC02_Links_Logic2_with_iterator" tests="2" failures="0" timestamp="9 Sep 2020 03:50:29 GMT" time="151.054" errors="0">
  <testcase name="link_validation_foreachloop" time="94.407" classname="colle1_arrayList.TC02_Links_Logic2_with_iterator"/>
  <testcase name="link_validation_iterator" time="56.647" classname="colle1_arrayList.TC02_Links_Logic2_with_iterator"/>
</testsuite> <!-- colle1_arrayList.TC02_Links_Logic2_with_iterator -->
