<?xml version="1.0" encoding="UTF-8"?>
<!-- Generated by org.testng.reporters.JUnitReportReporter -->
<testsuite hostname="samsung-PC" name="colle1_arrayList.TC01_Links_Logic1_with_http" tests="1" failures="0" timestamp="8 Sep 2020 21:02:19 GMT" time="39.950" errors="0">
  <testcase name="links_validation" time="39.950" classname="colle1_arrayList.TC01_Links_Logic1_with_http"/>
</testsuite> <!-- colle1_arrayList.TC01_Links_Logic1_with_http -->
