<?xml version="1.0" encoding="UTF-8"?>
<!-- Generated by org.testng.reporters.JUnitReportReporter -->
<testsuite hostname="samsung-PC" name="colle1_arrayList.TC03_Links_Logic3_with_loop" tests="1" failures="0" timestamp="9 Sep 2020 03:55:53 GMT" time="42.147" errors="0">
  <testcase name="links_validation" time="42.147" classname="colle1_arrayList.TC03_Links_Logic3_with_loop"/>
</testsuite> <!-- colle1_arrayList.TC03_Links_Logic3_with_loop -->
